\BOOKMARK [1][-]{section.1}{\376\377\000Q\000u\000e\000s\000t\000i\000o\000n\000\040\0001\000:}{}% 1
\BOOKMARK [2][-]{subsection.1.1}{\376\377\000a\000:}{section.1}% 2
\BOOKMARK [2][-]{subsection.1.2}{\376\377\000b\000:}{section.1}% 3
\BOOKMARK [2][-]{subsection.1.3}{\376\377\000c\000:}{section.1}% 4
\BOOKMARK [1][-]{section.2}{\376\377\000Q\000u\000e\000s\000t\000i\000o\000n\000\040\0002\000:}{}% 5
\BOOKMARK [2][-]{subsection.2.1}{\376\377\000i\000\051}{section.2}% 6
\BOOKMARK [3][-]{subsubsection.2.1.1}{\376\377\000a\000\051}{subsection.2.1}% 7
\BOOKMARK [3][-]{subsubsection.2.1.2}{\376\377\000b\000\051}{subsection.2.1}% 8
\BOOKMARK [3][-]{subsubsection.2.1.3}{\376\377\000c\000\051}{subsection.2.1}% 9
\BOOKMARK [2][-]{subsection.2.2}{\376\377\000i\000i\000\051}{section.2}% 10
\BOOKMARK [3][-]{subsubsection.2.2.1}{\376\377\000a\000\051}{subsection.2.2}% 11
\BOOKMARK [3][-]{subsubsection.2.2.2}{\376\377\000b\000\051}{subsection.2.2}% 12
\BOOKMARK [3][-]{subsubsection.2.2.3}{\376\377\000c\000\051}{subsection.2.2}% 13
\BOOKMARK [1][-]{section.3}{\376\377\000Q\000u\000e\000s\000t\000i\000o\000n\000\040\0003\000:}{}% 14
\BOOKMARK [2][-]{subsection.3.1}{\376\377\000a}{section.3}% 15
\BOOKMARK [2][-]{subsection.3.2}{\376\377\000b}{section.3}% 16
\BOOKMARK [2][-]{subsection.3.3}{\376\377\000c}{section.3}% 17
\BOOKMARK [1][-]{section.4}{\376\377\000Q\000u\000e\000s\000t\000i\000o\000n\000\040\0004\000:}{}% 18
\BOOKMARK [2][-]{subsection.4.1}{\376\377\000i\000\051\000\040\000I\000n\000i\000t\000i\000a\000l\000\040\000b\000r\000i\000g\000h\000t\000n\000e\000s\000s\000\040\000t\000e\000m\000p\000e\000r\000a\000t\000u\000r\000e\000\040\000=\000\040\0001\0000\0000\000\040\000K}{section.4}% 19
\BOOKMARK [2][-]{subsection.4.2}{\376\377\000i\000i\000\051\000\040\000I\000n\000i\000t\000i\000a\000l\000\040\000b\000r\000i\000g\000h\000t\000n\000e\000s\000s\000\040\000t\000e\000m\000p\000e\000r\000a\000t\000u\000r\000e\000\040\000=\000\040\0001\0000\0004\000\040\000K}{section.4}% 20
\BOOKMARK [1][-]{section.5}{\376\377\000Q\000u\000e\000s\000t\000i\000o\000n\000\040\0005\000:}{}% 21
\BOOKMARK [2][-]{subsection.5.1}{\376\377\000a}{section.5}% 22
\BOOKMARK [2][-]{subsection.5.2}{\376\377\000b}{section.5}% 23
\BOOKMARK [1][-]{section.6}{\376\377\000Q\000u\000e\000s\000t\000i\000o\000n\000\040\0006\000:}{}% 24
